<?xml version="1.0" encoding="UTF-8"?>
<testsuite name="RecipesApplicationTest" tests="1" skipped="0" failures="0" errors="0" timestamp="2022-10-06T11:04:03" hostname="YEVHEN-LAPTOP" time="12.314">
  <properties/>
  <testcase name="start" classname="RecipesApplicationTest" time="12.314"/>
  <system-out><![CDATA[?[1;31m
Start test 1?[0m

  .   ____          _            __ _ _
 /\\ / ___'_ __ _ _(_)_ __  __ _ \ \ \ \
( ( )\___ | '_ | '_| | '_ \/ _` | \ \ \ \
 \\/  ___)| |_)| | | | | || (_| |  ) ) ) )
  '  |____| .__|_| |_|_| |_\__, | / / / /
 =========|_|==============|___/=/_/_/_/
 :: Spring Boot ::                (v2.5.6)

2022-10-06 14:04:03.542  INFO 22224 --- [    Test worker] recipes.RecipesApplication               : Starting RecipesApplication using Java 17.0.3 on Yevhen-laptop with PID 22224 (started by shemi in C:\Users\shemi\IdeaProjects\NM\Recipes\Recipes\task)
2022-10-06 14:04:03.546  INFO 22224 --- [    Test worker] recipes.RecipesApplication               : No active profile set, falling back to default profiles: default
2022-10-06 14:04:04.282  INFO 22224 --- [    Test worker] .s.d.r.c.RepositoryConfigurationDelegate : Bootstrapping Spring Data JPA repositories in DEFAULT mode.
2022-10-06 14:04:04.339  INFO 22224 --- [    Test worker] .s.d.r.c.RepositoryConfigurationDelegate : Finished Spring Data repository scanning in 49 ms. Found 2 JPA repository interfaces.
2022-10-06 14:04:04.858  INFO 22224 --- [    Test worker] o.s.b.w.embedded.tomcat.TomcatWebServer  : Tomcat initialized with port(s): 8881 (http)
2022-10-06 14:04:04.867  INFO 22224 --- [    Test worker] o.apache.catalina.core.StandardService   : Starting service [Tomcat]
2022-10-06 14:04:04.867  INFO 22224 --- [    Test worker] org.apache.catalina.core.StandardEngine  : Starting Servlet engine: [Apache Tomcat/9.0.54]
2022-10-06 14:04:04.967  INFO 22224 --- [    Test worker] o.a.c.c.C.[Tomcat].[localhost].[/]       : Initializing Spring embedded WebApplicationContext
2022-10-06 14:04:04.967  INFO 22224 --- [    Test worker] w.s.c.ServletWebServerApplicationContext : Root WebApplicationContext: initialization completed in 1376 ms
2022-10-06 14:04:05.082  INFO 22224 --- [    Test worker] com.zaxxer.hikari.HikariDataSource       : HikariPool-1 - Starting...
2022-10-06 14:04:05.282  INFO 22224 --- [    Test worker] com.zaxxer.hikari.HikariDataSource       : HikariPool-1 - Start completed.
2022-10-06 14:04:05.292  INFO 22224 --- [    Test worker] o.s.b.a.h2.H2ConsoleAutoConfiguration    : H2 console available at '/h2-console'. Database available at 'jdbc:h2:file:../recipes_db'
2022-10-06 14:04:05.477  INFO 22224 --- [    Test worker] o.hibernate.jpa.internal.util.LogHelper  : HHH000204: Processing PersistenceUnitInfo [name: default]
2022-10-06 14:04:05.558  INFO 22224 --- [    Test worker] org.hibernate.Version                    : HHH000412: Hibernate ORM core version 5.4.32.Final
2022-10-06 14:04:05.745  INFO 22224 --- [    Test worker] o.hibernate.annotations.common.Version   : HCANN000001: Hibernate Commons Annotations {5.1.2.Final}
2022-10-06 14:04:05.867  INFO 22224 --- [    Test worker] org.hibernate.dialect.Dialect            : HHH000400: Using dialect: org.hibernate.dialect.H2Dialect
2022-10-06 14:04:06.520  INFO 22224 --- [    Test worker] o.h.e.t.j.p.i.JtaPlatformInitiator       : HHH000490: Using JtaPlatform implementation: [org.hibernate.engine.transaction.jta.platform.internal.NoJtaPlatform]
2022-10-06 14:04:06.527  INFO 22224 --- [    Test worker] j.LocalContainerEntityManagerFactoryBean : Initialized JPA EntityManagerFactory for persistence unit 'default'
2022-10-06 14:04:06.868  WARN 22224 --- [    Test worker] JpaBaseConfiguration$JpaWebConfiguration : spring.jpa.open-in-view is enabled by default. Therefore, database queries may be performed during view rendering. Explicitly configure spring.jpa.open-in-view to disable this warning
2022-10-06 14:04:07.269  INFO 22224 --- [    Test worker] o.s.b.a.e.web.EndpointLinksResolver      : Exposing 14 endpoint(s) beneath base path '/actuator'
2022-10-06 14:04:07.324  INFO 22224 --- [    Test worker] o.s.s.web.DefaultSecurityFilterChain     : Will secure any request with [org.springframework.security.web.context.request.async.WebAsyncManagerIntegrationFilter@6888746c, org.springframework.security.web.context.SecurityContextPersistenceFilter@21ebf9be, org.springframework.security.web.header.HeaderWriterFilter@c10f7a8, org.springframework.security.web.authentication.logout.LogoutFilter@4a76c90, org.springframework.security.web.authentication.www.BasicAuthenticationFilter@2220c5f7, org.springframework.security.web.savedrequest.RequestCacheAwareFilter@7860a014, org.springframework.security.web.servletapi.SecurityContextHolderAwareRequestFilter@5ab29866, org.springframework.security.web.authentication.AnonymousAuthenticationFilter@7bfedfb7, org.springframework.security.web.session.SessionManagementFilter@19439ec4, org.springframework.security.web.access.ExceptionTranslationFilter@1f591b2e, org.springframework.security.web.access.intercept.FilterSecurityInterceptor@3f473daf]
2022-10-06 14:04:07.535  INFO 22224 --- [    Test worker] o.s.b.w.embedded.tomcat.TomcatWebServer  : Tomcat started on port(s): 8881 (http) with context path ''
2022-10-06 14:04:07.547  INFO 22224 --- [    Test worker] recipes.RecipesApplication               : Started RecipesApplication in 4.307 seconds (JVM running for 5.005)
2022-10-06 14:04:07.838  INFO 22224 --- [nio-8881-exec-1] o.a.c.c.C.[Tomcat].[localhost].[/]       : Initializing Spring DispatcherServlet 'dispatcherServlet'
2022-10-06 14:04:07.838  INFO 22224 --- [nio-8881-exec-1] o.s.web.servlet.DispatcherServlet        : Initializing Servlet 'dispatcherServlet'
2022-10-06 14:04:07.839  INFO 22224 --- [nio-8881-exec-1] o.s.web.servlet.DispatcherServlet        : Completed initialization in 1 ms
?[1;31m
Start test 2?[0m
?[1;31m
Start test 3?[0m
?[1;31m
Start test 4?[0m
?[1;31m
Start test 5?[0m
2022-10-06 14:04:08.336  WARN 22224 --- [nio-8881-exec-5] .w.s.m.s.DefaultHandlerExceptionResolver : Resolved [org.springframework.web.bind.MethodArgumentNotValidException: Validation failed for argument [0] in public org.springframework.http.ResponseEntity<java.lang.String> recipes.presentation.RecipeController.registerNewUser(recipes.business.User): [Field error in object 'user' on field 'email': rejected value [Test3@testcom]; codes [Pattern.user.email,Pattern.email,Pattern.java.lang.String,Pattern]; arguments [org.springframework.context.support.DefaultMessageSourceResolvable: codes [user.email,email]; arguments []; default message [email],[Ljavax.validation.constraints.Pattern$Flag;@4ccf0e67,\S+[@]\S+[.]\S+]; default message [must match "\S+[@]\S+[.]\S+"]] ]
?[1;31m
Start test 6?[0m
2022-10-06 14:04:08.360  WARN 22224 --- [nio-8881-exec-6] .w.s.m.s.DefaultHandlerExceptionResolver : Resolved [org.springframework.web.bind.MethodArgumentNotValidException: Validation failed for argument [0] in public org.springframework.http.ResponseEntity<java.lang.String> recipes.presentation.RecipeController.registerNewUser(recipes.business.User): [Field error in object 'user' on field 'email': rejected value [Test4test.com]; codes [Pattern.user.email,Pattern.email,Pattern.java.lang.String,Pattern]; arguments [org.springframework.context.support.DefaultMessageSourceResolvable: codes [user.email,email]; arguments []; default message [email],[Ljavax.validation.constraints.Pattern$Flag;@4ccf0e67,\S+[@]\S+[.]\S+]; default message [must match "\S+[@]\S+[.]\S+"]] ]
?[1;31m
Start test 7?[0m
2022-10-06 14:04:08.369  WARN 22224 --- [nio-8881-exec-7] .w.s.m.s.DefaultHandlerExceptionResolver : Resolved [org.springframework.web.bind.MethodArgumentNotValidException: Validation failed for argument [0] in public org.springframework.http.ResponseEntity<java.lang.String> recipes.presentation.RecipeController.registerNewUser(recipes.business.User): [Field error in object 'user' on field 'password': rejected value [Test555]; codes [Size.user.password,Size.password,Size.java.lang.String,Size]; arguments [org.springframework.context.support.DefaultMessageSourceResolvable: codes [user.password,password]; arguments []; default message [password],2147483647,8]; default message [size must be between 8 and 2147483647]] ]
?[1;31m
Start test 8?[0m
2022-10-06 14:04:08.378  WARN 22224 --- [nio-8881-exec-8] .w.s.m.s.DefaultHandlerExceptionResolver : Resolved [org.springframework.web.bind.MethodArgumentNotValidException: Validation failed for argument [0] in public org.springframework.http.ResponseEntity<java.lang.String> recipes.presentation.RecipeController.registerNewUser(recipes.business.User): [Field error in object 'user' on field 'password': rejected value [        ]; codes [NotBlank.user.password,NotBlank.password,NotBlank.java.lang.String,NotBlank]; arguments [org.springframework.context.support.DefaultMessageSourceResolvable: codes [user.password,password]; arguments []; default message [password]]; default message [must not be blank]] ]
?[1;31m
Start test 9?[0m
?[1;31m
Start test 10?[0m
?[1;31m
Start test 11?[0m
?[1;31m
Start test 12?[0m
?[1;31m
Start test 13?[0m
2022-10-06 14:04:09.333  INFO 22224 --- [       Thread-5] j.LocalContainerEntityManagerFactoryBean : Closing JPA EntityManagerFactory for persistence unit 'default'
2022-10-06 14:04:09.334  INFO 22224 --- [       Thread-5] com.zaxxer.hikari.HikariDataSource       : HikariPool-1 - Shutdown initiated...
2022-10-06 14:04:09.356  INFO 22224 --- [       Thread-5] com.zaxxer.hikari.HikariDataSource       : HikariPool-1 - Shutdown completed.

  .   ____          _            __ _ _
 /\\ / ___'_ __ _ _(_)_ __  __ _ \ \ \ \
( ( )\___ | '_ | '_| | '_ \/ _` | \ \ \ \
 \\/  ___)| |_)| | | | | || (_| |  ) ) ) )
  '  |____| .__|_| |_|_| |_\__, | / / / /
 =========|_|==============|___/=/_/_/_/
 :: Spring Boot ::                (v2.5.6)

2022-10-06 14:04:09.378  INFO 22224 --- [    Test worker] recipes.RecipesApplication               : Starting RecipesApplication using Java 17.0.3 on Yevhen-laptop with PID 22224 (started by shemi in C:\Users\shemi\IdeaProjects\NM\Recipes\Recipes\task)
2022-10-06 14:04:09.378  INFO 22224 --- [    Test worker] recipes.RecipesApplication               : No active profile set, falling back to default profiles: default
2022-10-06 14:04:09.554  INFO 22224 --- [    Test worker] .s.d.r.c.RepositoryConfigurationDelegate : Bootstrapping Spring Data JPA repositories in DEFAULT mode.
2022-10-06 14:04:09.565  INFO 22224 --- [    Test worker] .s.d.r.c.RepositoryConfigurationDelegate : Finished Spring Data repository scanning in 10 ms. Found 2 JPA repository interfaces.
2022-10-06 14:04:09.624  INFO 22224 --- [    Test worker] o.s.b.w.embedded.tomcat.TomcatWebServer  : Tomcat initialized with port(s): 8881 (http)
2022-10-06 14:04:09.625  INFO 22224 --- [    Test worker] o.apache.catalina.core.StandardService   : Starting service [Tomcat]
2022-10-06 14:04:09.625  INFO 22224 --- [    Test worker] org.apache.catalina.core.StandardEngine  : Starting Servlet engine: [Apache Tomcat/9.0.54]
2022-10-06 14:04:09.652  INFO 22224 --- [    Test worker] o.a.c.c.C.[Tomcat].[localhost].[/]       : Initializing Spring embedded WebApplicationContext
2022-10-06 14:04:09.652  INFO 22224 --- [    Test worker] w.s.c.ServletWebServerApplicationContext : Root WebApplicationContext: initialization completed in 272 ms
2022-10-06 14:04:09.677  INFO 22224 --- [    Test worker] com.zaxxer.hikari.HikariDataSource       : HikariPool-2 - Starting...
2022-10-06 14:04:09.686  INFO 22224 --- [    Test worker] com.zaxxer.hikari.HikariDataSource       : HikariPool-2 - Start completed.
2022-10-06 14:04:09.686  INFO 22224 --- [    Test worker] o.s.b.a.h2.H2ConsoleAutoConfiguration    : H2 console available at '/h2-console'. Database available at 'jdbc:h2:file:../recipes_db'
2022-10-06 14:04:09.714  INFO 22224 --- [    Test worker] o.hibernate.jpa.internal.util.LogHelper  : HHH000204: Processing PersistenceUnitInfo [name: default]
2022-10-06 14:04:09.720  INFO 22224 --- [    Test worker] org.hibernate.dialect.Dialect            : HHH000400: Using dialect: org.hibernate.dialect.H2Dialect
2022-10-06 14:04:09.781  INFO 22224 --- [    Test worker] o.h.e.t.j.p.i.JtaPlatformInitiator       : HHH000490: Using JtaPlatform implementation: [org.hibernate.engine.transaction.jta.platform.internal.NoJtaPlatform]
2022-10-06 14:04:09.781  INFO 22224 --- [    Test worker] j.LocalContainerEntityManagerFactoryBean : Initialized JPA EntityManagerFactory for persistence unit 'default'
2022-10-06 14:04:09.844  WARN 22224 --- [    Test worker] JpaBaseConfiguration$JpaWebConfiguration : spring.jpa.open-in-view is enabled by default. Therefore, database queries may be performed during view rendering. Explicitly configure spring.jpa.open-in-view to disable this warning
2022-10-06 14:04:09.946  INFO 22224 --- [    Test worker] o.s.b.a.e.web.EndpointLinksResolver      : Exposing 14 endpoint(s) beneath base path '/actuator'
2022-10-06 14:04:09.954  INFO 22224 --- [    Test worker] o.s.s.web.DefaultSecurityFilterChain     : Will secure any request with [org.springframework.security.web.context.request.async.WebAsyncManagerIntegrationFilter@7cba8293, org.springframework.security.web.context.SecurityContextPersistenceFilter@674b2703, org.springframework.security.web.header.HeaderWriterFilter@62857555, org.springframework.security.web.authentication.logout.LogoutFilter@7cbcd27e, org.springframework.security.web.authentication.www.BasicAuthenticationFilter@54a1a6a8, org.springframework.security.web.savedrequest.RequestCacheAwareFilter@67441705, org.springframework.security.web.servletapi.SecurityContextHolderAwareRequestFilter@2ea2f965, org.springframework.security.web.authentication.AnonymousAuthenticationFilter@28357fc3, org.springframework.security.web.session.SessionManagementFilter@48149568, org.springframework.security.web.access.ExceptionTranslationFilter@a1143cc, org.springframework.security.web.access.intercept.FilterSecurityInterceptor@65e639f2]
2022-10-06 14:04:10.015  INFO 22224 --- [    Test worker] o.s.b.w.embedded.tomcat.TomcatWebServer  : Tomcat started on port(s): 8881 (http) with context path ''
2022-10-06 14:04:10.020  INFO 22224 --- [    Test worker] recipes.RecipesApplication               : Started RecipesApplication in 0.658 seconds (JVM running for 7.478)
?[1;31m
Start test 14?[0m
2022-10-06 14:04:10.026  INFO 22224 --- [nio-8881-exec-1] o.a.c.c.C.[Tomcat].[localhost].[/]       : Initializing Spring DispatcherServlet 'dispatcherServlet'
2022-10-06 14:04:10.026  INFO 22224 --- [nio-8881-exec-1] o.s.web.servlet.DispatcherServlet        : Initializing Servlet 'dispatcherServlet'
2022-10-06 14:04:10.027  INFO 22224 --- [nio-8881-exec-1] o.s.web.servlet.DispatcherServlet        : Completed initialization in 0 ms
?[1;31m
Start test 15?[0m
?[1;31m
Start test 16?[0m
?[1;31m
Start test 17?[0m
?[1;31m
Start test 18?[0m
?[1;31m
Start test 19?[0m
?[1;31m
Start test 20?[0m
?[1;31m
Start test 21?[0m
?[1;31m
Start test 22?[0m
?[1;31m
Start test 23?[0m
?[1;31m
Start test 24?[0m
?[1;31m
Start test 25?[0m
?[1;31m
Start test 26?[0m
?[1;31m
Start test 27?[0m
?[1;31m
Start test 28?[0m
?[1;31m
Start test 29?[0m
?[1;31m
Start test 30?[0m
?[1;31m
Start test 31?[0m
?[1;31m
Start test 32?[0m
?[1;31m
Start test 33?[0m
?[1;31m
Start test 34?[0m
?[1;31m
Start test 35?[0m
?[1;31m
Start test 36?[0m
?[1;31m
Start test 37?[0m
?[1;31m
Start test 38?[0m
?[1;31m
Start test 39?[0m
?[1;31m
Start test 40?[0m
?[1;31m
Start test 41?[0m
?[1;31m
Start test 42?[0m
?[1;31m
Start test 43?[0m
2022-10-06 14:04:12.188  WARN 22224 --- [nio-8881-exec-7] .w.s.m.s.DefaultHandlerExceptionResolver : Resolved [org.springframework.web.bind.MethodArgumentNotValidException: Validation failed for argument [0] in public org.springframework.http.ResponseEntity<java.lang.String> recipes.presentation.RecipeController.addNewRecipe(recipes.business.Recipe,org.springframework.security.core.userdetails.UserDetails): [Field error in object 'recipe' on field 'name': rejected value [null]; codes [NotBlank.recipe.name,NotBlank.name,NotBlank.java.lang.String,NotBlank]; arguments [org.springframework.context.support.DefaultMessageSourceResolvable: codes [recipe.name,name]; arguments []; default message [name]]; default message [must not be blank]] ]
?[1;31m
Start test 44?[0m
2022-10-06 14:04:12.250  WARN 22224 --- [nio-8881-exec-8] .w.s.m.s.DefaultHandlerExceptionResolver : Resolved [org.springframework.web.bind.MethodArgumentNotValidException: Validation failed for argument [0] in public org.springframework.http.ResponseEntity<java.lang.String> recipes.presentation.RecipeController.addNewRecipe(recipes.business.Recipe,org.springframework.security.core.userdetails.UserDetails): [Field error in object 'recipe' on field 'category': rejected value [null]; codes [NotBlank.recipe.category,NotBlank.category,NotBlank.java.lang.String,NotBlank]; arguments [org.springframework.context.support.DefaultMessageSourceResolvable: codes [recipe.category,category]; arguments []; default message [category]]; default message [must not be blank]] ]
?[1;31m
Start test 45?[0m
2022-10-06 14:04:12.311  WARN 22224 --- [nio-8881-exec-5] .w.s.m.s.DefaultHandlerExceptionResolver : Resolved [org.springframework.web.bind.MethodArgumentNotValidException: Validation failed for argument [0] in public org.springframework.http.ResponseEntity<java.lang.String> recipes.presentation.RecipeController.addNewRecipe(recipes.business.Recipe,org.springframework.security.core.userdetails.UserDetails): [Field error in object 'recipe' on field 'description': rejected value [null]; codes [NotBlank.recipe.description,NotBlank.description,NotBlank.java.lang.String,NotBlank]; arguments [org.springframework.context.support.DefaultMessageSourceResolvable: codes [recipe.description,description]; arguments []; default message [description]]; default message [must not be blank]] ]
?[1;31m
Start test 46?[0m
2022-10-06 14:04:12.371  WARN 22224 --- [nio-8881-exec-4] .w.s.m.s.DefaultHandlerExceptionResolver : Resolved [org.springframework.web.bind.MethodArgumentNotValidException: Validation failed for argument [0] in public org.springframework.http.ResponseEntity<java.lang.String> recipes.presentation.RecipeController.addNewRecipe(recipes.business.Recipe,org.springframework.security.core.userdetails.UserDetails): [Field error in object 'recipe' on field 'ingredients': rejected value [null]; codes [NotNull.recipe.ingredients,NotNull.ingredients,NotNull.[Ljava.lang.String;,NotNull]; arguments [org.springframework.context.support.DefaultMessageSourceResolvable: codes [recipe.ingredients,ingredients]; arguments []; default message [ingredients]]; default message [must not be null]] ]
?[1;31m
Start test 47?[0m
2022-10-06 14:04:12.432  WARN 22224 --- [nio-8881-exec-2] .w.s.m.s.DefaultHandlerExceptionResolver : Resolved [org.springframework.web.bind.MethodArgumentNotValidException: Validation failed for argument [0] in public org.springframework.http.ResponseEntity<java.lang.String> recipes.presentation.RecipeController.addNewRecipe(recipes.business.Recipe,org.springframework.security.core.userdetails.UserDetails): [Field error in object 'recipe' on field 'directions': rejected value [null]; codes [NotNull.recipe.directions,NotNull.directions,NotNull.[Ljava.lang.String;,NotNull]; arguments [org.springframework.context.support.DefaultMessageSourceResolvable: codes [recipe.directions,directions]; arguments []; default message [directions]]; default message [must not be null]] ]
?[1;31m
Start test 48?[0m
2022-10-06 14:04:12.491  WARN 22224 --- [nio-8881-exec-6] .w.s.m.s.DefaultHandlerExceptionResolver : Resolved [org.springframework.web.bind.MethodArgumentNotValidException: Validation failed for argument [0] in public org.springframework.http.ResponseEntity<java.lang.String> recipes.presentation.RecipeController.addNewRecipe(recipes.business.Recipe,org.springframework.security.core.userdetails.UserDetails): [Field error in object 'recipe' on field 'name': rejected value [  ]; codes [NotBlank.recipe.name,NotBlank.name,NotBlank.java.lang.String,NotBlank]; arguments [org.springframework.context.support.DefaultMessageSourceResolvable: codes [recipe.name,name]; arguments []; default message [name]]; default message [must not be blank]] ]
?[1;31m
Start test 49?[0m
2022-10-06 14:04:12.550  WARN 22224 --- [io-8881-exec-10] .w.s.m.s.DefaultHandlerExceptionResolver : Resolved [org.springframework.web.bind.MethodArgumentNotValidException: Validation failed for argument [0] in public org.springframework.http.ResponseEntity<java.lang.String> recipes.presentation.RecipeController.addNewRecipe(recipes.business.Recipe,org.springframework.security.core.userdetails.UserDetails): [Field error in object 'recipe' on field 'category': rejected value [  ]; codes [NotBlank.recipe.category,NotBlank.category,NotBlank.java.lang.String,NotBlank]; arguments [org.springframework.context.support.DefaultMessageSourceResolvable: codes [recipe.category,category]; arguments []; default message [category]]; default message [must not be blank]] ]
?[1;31m
Start test 50?[0m
2022-10-06 14:04:12.610  WARN 22224 --- [nio-8881-exec-3] .w.s.m.s.DefaultHandlerExceptionResolver : Resolved [org.springframework.web.bind.MethodArgumentNotValidException: Validation failed for argument [0] in public org.springframework.http.ResponseEntity<java.lang.String> recipes.presentation.RecipeController.addNewRecipe(recipes.business.Recipe,org.springframework.security.core.userdetails.UserDetails): [Field error in object 'recipe' on field 'description': rejected value [  ]; codes [NotBlank.recipe.description,NotBlank.description,NotBlank.java.lang.String,NotBlank]; arguments [org.springframework.context.support.DefaultMessageSourceResolvable: codes [recipe.description,description]; arguments []; default message [description]]; default message [must not be blank]] ]
?[1;31m
Start test 51?[0m
2022-10-06 14:04:12.670  WARN 22224 --- [nio-8881-exec-9] .w.s.m.s.DefaultHandlerExceptionResolver : Resolved [org.springframework.web.bind.MethodArgumentNotValidException: Validation failed for argument [0] in public org.springframework.http.ResponseEntity<java.lang.String> recipes.presentation.RecipeController.addNewRecipe(recipes.business.Recipe,org.springframework.security.core.userdetails.UserDetails): [Field error in object 'recipe' on field 'ingredients': rejected value [{}]; codes [Size.recipe.ingredients,Size.ingredients,Size.[Ljava.lang.String;,Size]; arguments [org.springframework.context.support.DefaultMessageSourceResolvable: codes [recipe.ingredients,ingredients]; arguments []; default message [ingredients],2147483647,1]; default message [size must be between 1 and 2147483647]] ]
?[1;31m
Start test 52?[0m
2022-10-06 14:04:12.731  WARN 22224 --- [nio-8881-exec-1] .w.s.m.s.DefaultHandlerExceptionResolver : Resolved [org.springframework.web.bind.MethodArgumentNotValidException: Validation failed for argument [0] in public org.springframework.http.ResponseEntity<java.lang.String> recipes.presentation.RecipeController.addNewRecipe(recipes.business.Recipe,org.springframework.security.core.userdetails.UserDetails): [Field error in object 'recipe' on field 'directions': rejected value [{}]; codes [Size.recipe.directions,Size.directions,Size.[Ljava.lang.String;,Size]; arguments [org.springframework.context.support.DefaultMessageSourceResolvable: codes [recipe.directions,directions]; arguments []; default message [directions],2147483647,1]; default message [size must be between 1 and 2147483647]] ]
?[1;31m
Start test 53?[0m
2022-10-06 14:04:12.792  WARN 22224 --- [nio-8881-exec-7] .w.s.m.s.DefaultHandlerExceptionResolver : Resolved [org.springframework.web.bind.MethodArgumentNotValidException: Validation failed for argument [0] in public org.springframework.http.ResponseEntity<java.lang.String> recipes.presentation.RecipeController.updateRecipe(recipes.business.Recipe,int,org.springframework.security.core.userdetails.UserDetails): [Field error in object 'recipe' on field 'name': rejected value [null]; codes [NotBlank.recipe.name,NotBlank.name,NotBlank.java.lang.String,NotBlank]; arguments [org.springframework.context.support.DefaultMessageSourceResolvable: codes [recipe.name,name]; arguments []; default message [name]]; default message [must not be blank]] ]
?[1;31m
Start test 54?[0m
2022-10-06 14:04:12.853  WARN 22224 --- [nio-8881-exec-8] .w.s.m.s.DefaultHandlerExceptionResolver : Resolved [org.springframework.web.bind.MethodArgumentNotValidException: Validation failed for argument [0] in public org.springframework.http.ResponseEntity<java.lang.String> recipes.presentation.RecipeController.updateRecipe(recipes.business.Recipe,int,org.springframework.security.core.userdetails.UserDetails): [Field error in object 'recipe' on field 'category': rejected value [null]; codes [NotBlank.recipe.category,NotBlank.category,NotBlank.java.lang.String,NotBlank]; arguments [org.springframework.context.support.DefaultMessageSourceResolvable: codes [recipe.category,category]; arguments []; default message [category]]; default message [must not be blank]] ]
?[1;31m
Start test 55?[0m
2022-10-06 14:04:12.914  WARN 22224 --- [nio-8881-exec-3] .w.s.m.s.DefaultHandlerExceptionResolver : Resolved [org.springframework.web.bind.MethodArgumentNotValidException: Validation failed for argument [0] in public org.springframework.http.ResponseEntity<java.lang.String> recipes.presentation.RecipeController.updateRecipe(recipes.business.Recipe,int,org.springframework.security.core.userdetails.UserDetails): [Field error in object 'recipe' on field 'description': rejected value [null]; codes [NotBlank.recipe.description,NotBlank.description,NotBlank.java.lang.String,NotBlank]; arguments [org.springframework.context.support.DefaultMessageSourceResolvable: codes [recipe.description,description]; arguments []; default message [description]]; default message [must not be blank]] ]
?[1;31m
Start test 56?[0m
2022-10-06 14:04:12.974  WARN 22224 --- [nio-8881-exec-9] .w.s.m.s.DefaultHandlerExceptionResolver : Resolved [org.springframework.web.bind.MethodArgumentNotValidException: Validation failed for argument [0] in public org.springframework.http.ResponseEntity<java.lang.String> recipes.presentation.RecipeController.updateRecipe(recipes.business.Recipe,int,org.springframework.security.core.userdetails.UserDetails): [Field error in object 'recipe' on field 'ingredients': rejected value [null]; codes [NotNull.recipe.ingredients,NotNull.ingredients,NotNull.[Ljava.lang.String;,NotNull]; arguments [org.springframework.context.support.DefaultMessageSourceResolvable: codes [recipe.ingredients,ingredients]; arguments []; default message [ingredients]]; default message [must not be null]] ]
?[1;31m
Start test 57?[0m
2022-10-06 14:04:13.034  WARN 22224 --- [nio-8881-exec-1] .w.s.m.s.DefaultHandlerExceptionResolver : Resolved [org.springframework.web.bind.MethodArgumentNotValidException: Validation failed for argument [0] in public org.springframework.http.ResponseEntity<java.lang.String> recipes.presentation.RecipeController.updateRecipe(recipes.business.Recipe,int,org.springframework.security.core.userdetails.UserDetails): [Field error in object 'recipe' on field 'directions': rejected value [null]; codes [NotNull.recipe.directions,NotNull.directions,NotNull.[Ljava.lang.String;,NotNull]; arguments [org.springframework.context.support.DefaultMessageSourceResolvable: codes [recipe.directions,directions]; arguments []; default message [directions]]; default message [must not be null]] ]
?[1;31m
Start test 58?[0m
2022-10-06 14:04:13.095  WARN 22224 --- [nio-8881-exec-7] .w.s.m.s.DefaultHandlerExceptionResolver : Resolved [org.springframework.web.bind.MethodArgumentNotValidException: Validation failed for argument [0] in public org.springframework.http.ResponseEntity<java.lang.String> recipes.presentation.RecipeController.updateRecipe(recipes.business.Recipe,int,org.springframework.security.core.userdetails.UserDetails): [Field error in object 'recipe' on field 'name': rejected value [  ]; codes [NotBlank.recipe.name,NotBlank.name,NotBlank.java.lang.String,NotBlank]; arguments [org.springframework.context.support.DefaultMessageSourceResolvable: codes [recipe.name,name]; arguments []; default message [name]]; default message [must not be blank]] ]
?[1;31m
Start test 59?[0m
2022-10-06 14:04:13.153  WARN 22224 --- [nio-8881-exec-5] .w.s.m.s.DefaultHandlerExceptionResolver : Resolved [org.springframework.web.bind.MethodArgumentNotValidException: Validation failed for argument [0] in public org.springframework.http.ResponseEntity<java.lang.String> recipes.presentation.RecipeController.updateRecipe(recipes.business.Recipe,int,org.springframework.security.core.userdetails.UserDetails): [Field error in object 'recipe' on field 'category': rejected value [  ]; codes [NotBlank.recipe.category,NotBlank.category,NotBlank.java.lang.String,NotBlank]; arguments [org.springframework.context.support.DefaultMessageSourceResolvable: codes [recipe.category,category]; arguments []; default message [category]]; default message [must not be blank]] ]
?[1;31m
Start test 60?[0m
2022-10-06 14:04:13.212  WARN 22224 --- [nio-8881-exec-4] .w.s.m.s.DefaultHandlerExceptionResolver : Resolved [org.springframework.web.bind.MethodArgumentNotValidException: Validation failed for argument [0] in public org.springframework.http.ResponseEntity<java.lang.String> recipes.presentation.RecipeController.updateRecipe(recipes.business.Recipe,int,org.springframework.security.core.userdetails.UserDetails): [Field error in object 'recipe' on field 'description': rejected value [  ]; codes [NotBlank.recipe.description,NotBlank.description,NotBlank.java.lang.String,NotBlank]; arguments [org.springframework.context.support.DefaultMessageSourceResolvable: codes [recipe.description,description]; arguments []; default message [description]]; default message [must not be blank]] ]
?[1;31m
Start test 61?[0m
2022-10-06 14:04:13.269  WARN 22224 --- [io-8881-exec-10] .w.s.m.s.DefaultHandlerExceptionResolver : Resolved [org.springframework.web.bind.MethodArgumentNotValidException: Validation failed for argument [0] in public org.springframework.http.ResponseEntity<java.lang.String> recipes.presentation.RecipeController.updateRecipe(recipes.business.Recipe,int,org.springframework.security.core.userdetails.UserDetails): [Field error in object 'recipe' on field 'ingredients': rejected value [{}]; codes [Size.recipe.ingredients,Size.ingredients,Size.[Ljava.lang.String;,Size]; arguments [org.springframework.context.support.DefaultMessageSourceResolvable: codes [recipe.ingredients,ingredients]; arguments []; default message [ingredients],2147483647,1]; default message [size must be between 1 and 2147483647]] ]
?[1;31m
Start test 62?[0m
2022-10-06 14:04:13.328  WARN 22224 --- [nio-8881-exec-2] .w.s.m.s.DefaultHandlerExceptionResolver : Resolved [org.springframework.web.bind.MethodArgumentNotValidException: Validation failed for argument [0] in public org.springframework.http.ResponseEntity<java.lang.String> recipes.presentation.RecipeController.updateRecipe(recipes.business.Recipe,int,org.springframework.security.core.userdetails.UserDetails): [Field error in object 'recipe' on field 'directions': rejected value [{}]; codes [Size.recipe.directions,Size.directions,Size.[Ljava.lang.String;,Size]; arguments [org.springframework.context.support.DefaultMessageSourceResolvable: codes [recipe.directions,directions]; arguments []; default message [directions],2147483647,1]; default message [size must be between 1 and 2147483647]] ]
?[1;31m
Start test 63?[0m
2022-10-06 14:04:13.858  INFO 22224 --- [       Thread-7] j.LocalContainerEntityManagerFactoryBean : Closing JPA EntityManagerFactory for persistence unit 'default'
2022-10-06 14:04:13.858  INFO 22224 --- [       Thread-7] com.zaxxer.hikari.HikariDataSource       : HikariPool-2 - Shutdown initiated...
2022-10-06 14:04:13.884  INFO 22224 --- [       Thread-7] com.zaxxer.hikari.HikariDataSource       : HikariPool-2 - Shutdown completed.

  .   ____          _            __ _ _
 /\\ / ___'_ __ _ _(_)_ __  __ _ \ \ \ \
( ( )\___ | '_ | '_| | '_ \/ _` | \ \ \ \
 \\/  ___)| |_)| | | | | || (_| |  ) ) ) )
  '  |____| .__|_| |_|_| |_\__, | / / / /
 =========|_|==============|___/=/_/_/_/
 :: Spring Boot ::                (v2.5.6)

2022-10-06 14:04:13.903  INFO 22224 --- [    Test worker] recipes.RecipesApplication               : Starting RecipesApplication using Java 17.0.3 on Yevhen-laptop with PID 22224 (started by shemi in C:\Users\shemi\IdeaProjects\NM\Recipes\Recipes\task)
2022-10-06 14:04:13.903  INFO 22224 --- [    Test worker] recipes.RecipesApplication               : No active profile set, falling back to default profiles: default
2022-10-06 14:04:14.056  INFO 22224 --- [    Test worker] .s.d.r.c.RepositoryConfigurationDelegate : Bootstrapping Spring Data JPA repositories in DEFAULT mode.
2022-10-06 14:04:14.066  INFO 22224 --- [    Test worker] .s.d.r.c.RepositoryConfigurationDelegate : Finished Spring Data repository scanning in 9 ms. Found 2 JPA repository interfaces.
2022-10-06 14:04:14.114  INFO 22224 --- [    Test worker] o.s.b.w.embedded.tomcat.TomcatWebServer  : Tomcat initialized with port(s): 8881 (http)
2022-10-06 14:04:14.114  INFO 22224 --- [    Test worker] o.apache.catalina.core.StandardService   : Starting service [Tomcat]
2022-10-06 14:04:14.114  INFO 22224 --- [    Test worker] org.apache.catalina.core.StandardEngine  : Starting Servlet engine: [Apache Tomcat/9.0.54]
2022-10-06 14:04:14.139  INFO 22224 --- [    Test worker] o.a.c.c.C.[Tomcat].[localhost].[/]       : Initializing Spring embedded WebApplicationContext
2022-10-06 14:04:14.139  INFO 22224 --- [    Test worker] w.s.c.ServletWebServerApplicationContext : Root WebApplicationContext: initialization completed in 234 ms
2022-10-06 14:04:14.157  INFO 22224 --- [    Test worker] com.zaxxer.hikari.HikariDataSource       : HikariPool-3 - Starting...
2022-10-06 14:04:14.165  INFO 22224 --- [    Test worker] com.zaxxer.hikari.HikariDataSource       : HikariPool-3 - Start completed.
2022-10-06 14:04:14.165  INFO 22224 --- [    Test worker] o.s.b.a.h2.H2ConsoleAutoConfiguration    : H2 console available at '/h2-console'. Database available at 'jdbc:h2:file:../recipes_db'
2022-10-06 14:04:14.190  INFO 22224 --- [    Test worker] o.hibernate.jpa.internal.util.LogHelper  : HHH000204: Processing PersistenceUnitInfo [name: default]
2022-10-06 14:04:14.195  INFO 22224 --- [    Test worker] org.hibernate.dialect.Dialect            : HHH000400: Using dialect: org.hibernate.dialect.H2Dialect
2022-10-06 14:04:14.244  INFO 22224 --- [    Test worker] o.h.e.t.j.p.i.JtaPlatformInitiator       : HHH000490: Using JtaPlatform implementation: [org.hibernate.engine.transaction.jta.platform.internal.NoJtaPlatform]
2022-10-06 14:04:14.244  INFO 22224 --- [    Test worker] j.LocalContainerEntityManagerFactoryBean : Initialized JPA EntityManagerFactory for persistence unit 'default'
2022-10-06 14:04:14.310  WARN 22224 --- [    Test worker] JpaBaseConfiguration$JpaWebConfiguration : spring.jpa.open-in-view is enabled by default. Therefore, database queries may be performed during view rendering. Explicitly configure spring.jpa.open-in-view to disable this warning
2022-10-06 14:04:14.409  INFO 22224 --- [    Test worker] o.s.b.a.e.web.EndpointLinksResolver      : Exposing 14 endpoint(s) beneath base path '/actuator'
2022-10-06 14:04:14.417  INFO 22224 --- [    Test worker] o.s.s.web.DefaultSecurityFilterChain     : Will secure any request with [org.springframework.security.web.context.request.async.WebAsyncManagerIntegrationFilter@15c48119, org.springframework.security.web.context.SecurityContextPersistenceFilter@3831fb48, org.springframework.security.web.header.HeaderWriterFilter@6311898c, org.springframework.security.web.authentication.logout.LogoutFilter@54ad9ff9, org.springframework.security.web.authentication.www.BasicAuthenticationFilter@6354a50a, org.springframework.security.web.savedrequest.RequestCacheAwareFilter@7083e548, org.springframework.security.web.servletapi.SecurityContextHolderAwareRequestFilter@1f315f3d, org.springframework.security.web.authentication.AnonymousAuthenticationFilter@2cb09f00, org.springframework.security.web.session.SessionManagementFilter@7ea0438c, org.springframework.security.web.access.ExceptionTranslationFilter@66a5cbe5, org.springframework.security.web.access.intercept.FilterSecurityInterceptor@57b4fc1e]
2022-10-06 14:04:14.484  INFO 22224 --- [    Test worker] o.s.b.w.embedded.tomcat.TomcatWebServer  : Tomcat started on port(s): 8881 (http) with context path ''
2022-10-06 14:04:14.492  INFO 22224 --- [    Test worker] recipes.RecipesApplication               : Started RecipesApplication in 0.603 seconds (JVM running for 11.949)
?[1;31m
Start test 64?[0m
2022-10-06 14:04:14.496  INFO 22224 --- [nio-8881-exec-1] o.a.c.c.C.[Tomcat].[localhost].[/]       : Initializing Spring DispatcherServlet 'dispatcherServlet'
2022-10-06 14:04:14.497  INFO 22224 --- [nio-8881-exec-1] o.s.web.servlet.DispatcherServlet        : Initializing Servlet 'dispatcherServlet'
2022-10-06 14:04:14.498  INFO 22224 --- [nio-8881-exec-1] o.s.web.servlet.DispatcherServlet        : Completed initialization in 1 ms
?[1;31m
Start test 65?[0m
?[1;31m
Start test 66?[0m
?[1;31m
Start test 67?[0m
?[1;31m
Start test 68?[0m
?[1;31m
Start test 69?[0m
?[1;31m
Start test 70?[0m
?[1;31m
Start test 71?[0m
?[1;31m
Start test 72?[0m
?[1;31m
Start test 73?[0m
?[1;31m
Start test 74?[0m
?[1;31m
Start test 75?[0m
?[1;31m
Start test 76?[0m
?[1;31m
Start test 77?[0m
?[1;31m
Start test 78?[0m
?[1;31m
Start test 79?[0m
?[1;31m
Start test 80?[0m
?[1;31m
Start test 81?[0m
]]></system-out>
  <system-err><![CDATA[]]></system-err>
</testsuite>
